#
# There is insufficient memory for the Java Runtime Environment to continue.
# Native memory allocation (mmap) failed to map 266338304 bytes for Failed to commit area from 0x0000000703200000 to 0x0000000713000000 of length 266338304.
# Possible reasons:
#   The system is out of physical RAM or swap space
#   The process is running with CompressedOops enabled, and the Java Heap may be blocking the growth of the native heap
# Possible solutions:
#   Reduce memory load on the system
#   Increase physical memory or swap space
#   Check if swap backing store is full
#   Decrease Java heap size (-Xmx/-Xms)
#   Decrease number of Java threads
#   Decrease Java thread stack sizes (-Xss)
#   Set larger code cache with -XX:ReservedCodeCacheSize=
# This output file may be truncated or incomplete.
#
#  Out of Memory Error (src/hotspot/os/windows/os_windows.cpp:3624), pid=15980, tid=15992
#
# JRE version:  (11.0.14.1+1) (build )
# Java VM: OpenJDK 64-Bit Server VM (11.0.14.1+1-b2043.25, mixed mode, sharing, tiered, compressed oops, g1 gc, windows-amd64)
# No core dump will be written. Minidumps are not enabled by default on client versions of Windows
#

---------------  S U M M A R Y ------------

Command Line: git4idea.http.GitAskPassApp Username for 'https://codeup.aliyun.com': 

Host: Intel(R) Core(TM) i7-8700 CPU @ 3.20GHz, 12 cores, 15G,  Windows 11 , 64 bit Build 22000 (10.0.22000.613)
Time: Mon May  9 13:58:44 2022 中国标准时间 elapsed time: 0.032244 seconds (0d 0h 0m 0s)

---------------  T H R E A D  ---------------

Current thread (0x000001a7d454d000):  JavaThread "Unknown thread" [_thread_in_vm, id=15992, stack(0x00000057f9500000,0x00000057f9600000)]

Stack: [0x00000057f9500000,0x00000057f9600000]
Native frames: (J=compiled Java code, j=interpreted, Vv=VM code, C=native code)
V  [jvm.dll+0x61618a]
V  [jvm.dll+0x79c450]
V  [jvm.dll+0x79da6d]
V  [jvm.dll+0x79e143]
V  [jvm.dll+0x24c968]
V  [jvm.dll+0x6131f4]
V  [jvm.dll+0x607ef5]
V  [jvm.dll+0x30b35b]
V  [jvm.dll+0x30b2ca]
V  [jvm.dll+0x30b1a2]
V  [jvm.dll+0x3100f6]
V  [jvm.dll+0x35b7e3]
V  [jvm.dll+0x35bee6]
V  [jvm.dll+0x35b8e3]
V  [jvm.dll+0x2e5b68]
V  [jvm.dll+0x2e6d17]
V  [jvm.dll+0x779087]
V  [jvm.dll+0x77a87c]
V  [jvm.dll+0x368d99]
V  [jvm.dll+0x75c9de]
V  [jvm.dll+0x3d6d53]
V  [jvm.dll+0x3d92f1]
C  [jli.dll+0x536b]
C  [ucrtbase.dll+0x26c0c]
C  [KERNEL32.DLL+0x154e0]
C  [ntdll.dll+0x485b]


---------------  P R O C E S S  ---------------

Threads class SMR info:
_java_thread_list=0x000001a7d4482360, length=0, elements={
}

Java Threads: ( => current thread )

Other Threads:
  0x000001a7d4679000 GCTaskThread "GC Thread#0" [stack: 0x00000057f9600000,0x00000057f9700000] [id=8080]
  0x000001a7d46d6800 ConcurrentGCThread "G1 Main Marker" [stack: 0x00000057f9700000,0x00000057f9800000] [id=15976]
  0x000001a7d46d8800 ConcurrentGCThread "G1 Conc#0" [stack: 0x00000057f9800000,0x00000057f9900000] [id=18420]

[error occurred during error reporting (printing all threads), id 0xc0000005, EXCEPTION_ACCESS_VIOLATION (0xc0000005) at pc=0x00007ffb70e86177]

VM state:not at safepoint (not fully initialized)

VM Mutex/Monitor currently owned by a thread:  ([mutex/lock_event])
[0x000001a7d465fd60] Heap_lock - owner thread: 0x000001a7d454d000

Heap address: 0x0000000703200000, size: 4046 MB, Compressed Oops mode: Non-zero based: 0x0000000703200000
Narrow klass base: 0x0000000000000000, Narrow klass shift: 0

GC Heap History (0 events):
No events

Deoptimization events (0 events):
No events

Classes redefined (0 events):
No events

Internal exceptions (0 events):
No events

Events (1 events):
Event: 0.008 Loaded shared library D:\JetBrains\Toolbox\apps\WebStorm\ch-0\221.5080.193\jbr\bin\zip.dll


Dynamic libraries:
0x00007ff6d5fe0000 - 0x00007ff6d5fea000 	D:\JetBrains\Toolbox\apps\WebStorm\ch-0\221.5080.193\jbr\bin\java.exe
0x00007ffbd25e0000 - 0x00007ffbd27e9000 	C:\WINDOWS\SYSTEM32\ntdll.dll
0x00007ffbd14b0000 - 0x00007ffbd156d000 	C:\WINDOWS\System32\KERNEL32.DLL
0x00007ffbcfad0000 - 0x00007ffbcfe44000 	C:\WINDOWS\System32\KERNELBASE.dll
0x00007ffbcd030000 - 0x00007ffbcd0c1000 	C:\WINDOWS\SYSTEM32\apphelp.dll
0x00007ffbd00e0000 - 0x00007ffbd01f1000 	C:\WINDOWS\System32\ucrtbase.dll
0x00007ffbbc600000 - 0x00007ffbbc619000 	D:\JetBrains\Toolbox\apps\WebStorm\ch-0\221.5080.193\jbr\bin\jli.dll
0x00007ffbb8a70000 - 0x00007ffbb8a86000 	D:\JetBrains\Toolbox\apps\WebStorm\ch-0\221.5080.193\jbr\bin\VCRUNTIME140.dll
0x00007ffbd0c00000 - 0x00007ffbd0dac000 	C:\WINDOWS\System32\USER32.dll
0x00007ffbd0450000 - 0x00007ffbd0476000 	C:\WINDOWS\System32\win32u.dll
0x00007ffbb7790000 - 0x00007ffbb7a35000 	C:\WINDOWS\WinSxS\amd64_microsoft.windows.common-controls_6595b64144ccf1df_6.0.22000.120_none_9d947278b86cc467\COMCTL32.dll
0x00007ffbd1480000 - 0x00007ffbd14a9000 	C:\WINDOWS\System32\GDI32.dll
0x00007ffbd1b30000 - 0x00007ffbd1bd3000 	C:\WINDOWS\System32\msvcrt.dll
0x00007ffbd0200000 - 0x00007ffbd0312000 	C:\WINDOWS\System32\gdi32full.dll
0x00007ffbd0040000 - 0x00007ffbd00dd000 	C:\WINDOWS\System32\msvcp_win.dll
0x00007ffbd0bc0000 - 0x00007ffbd0bf1000 	C:\WINDOWS\System32\IMM32.DLL
0x00007ffb8f850000 - 0x00007ffb8f8fa000 	D:\JetBrains\Toolbox\apps\WebStorm\ch-0\221.5080.193\jbr\bin\msvcp140.dll
0x00007ffb70b90000 - 0x00007ffb7170a000 	D:\JetBrains\Toolbox\apps\WebStorm\ch-0\221.5080.193\jbr\bin\server\jvm.dll
0x00007ffbd1a80000 - 0x00007ffbd1b2e000 	C:\WINDOWS\System32\ADVAPI32.dll
0x00007ffbd13e0000 - 0x00007ffbd147e000 	C:\WINDOWS\System32\sechost.dll
0x00007ffbd16d0000 - 0x00007ffbd17f0000 	C:\WINDOWS\System32\RPCRT4.dll
0x00007ffbd19b0000 - 0x00007ffbd19b8000 	C:\WINDOWS\System32\PSAPI.DLL
0x00007ffbca2f0000 - 0x00007ffbca2f9000 	C:\WINDOWS\SYSTEM32\WSOCK32.dll
0x00007ffbca1f0000 - 0x00007ffbca223000 	C:\WINDOWS\SYSTEM32\WINMM.dll
0x00007ffbd1370000 - 0x00007ffbd13df000 	C:\WINDOWS\System32\WS2_32.dll
0x00007ffbcaac0000 - 0x00007ffbcaaca000 	C:\WINDOWS\SYSTEM32\VERSION.dll
0x00007ffbceb90000 - 0x00007ffbceba8000 	C:\WINDOWS\SYSTEM32\kernel.appcore.dll
0x00007ffbbc630000 - 0x00007ffbbc641000 	D:\JetBrains\Toolbox\apps\WebStorm\ch-0\221.5080.193\jbr\bin\verify.dll
0x00007ffbbd1b0000 - 0x00007ffbbd3d1000 	C:\WINDOWS\SYSTEM32\DBGHELP.DLL
0x00007ffbb9930000 - 0x00007ffbb9961000 	C:\WINDOWS\SYSTEM32\dbgcore.DLL
0x00007ffbcffc0000 - 0x00007ffbd003f000 	C:\WINDOWS\System32\bcryptPrimitives.dll
0x00007ffbb8a40000 - 0x00007ffbb8a69000 	D:\JetBrains\Toolbox\apps\WebStorm\ch-0\221.5080.193\jbr\bin\java.dll
0x00007ffbcc220000 - 0x00007ffbcc22b000 	D:\JetBrains\Toolbox\apps\WebStorm\ch-0\221.5080.193\jbr\bin\jimage.dll
0x00007ffbb8a20000 - 0x00007ffbb8a39000 	D:\JetBrains\Toolbox\apps\WebStorm\ch-0\221.5080.193\jbr\bin\zip.dll

dbghelp: loaded successfully - version: 4.0.5 - missing functions: none
symbol engine: initialized successfully - sym options: 0x614 - pdb path: .;D:\JetBrains\Toolbox\apps\WebStorm\ch-0\221.5080.193\jbr\bin;C:\WINDOWS\SYSTEM32;C:\WINDOWS\WinSxS\amd64_microsoft.windows.common-controls_6595b64144ccf1df_6.0.22000.120_none_9d947278b86cc467;D:\JetBrains\Toolbox\apps\WebStorm\ch-0\221.5080.193\jbr\bin\server

VM Arguments:
java_command: git4idea.http.GitAskPassApp Username for 'https://codeup.aliyun.com': 
java_class_path (initial): D:/JetBrains/Toolbox/apps/WebStorm/ch-0/221.5080.193/plugins/git4idea/lib/git4idea-rt.jar;D:/JetBrains/Toolbox/apps/WebStorm/ch-0/221.5080.193/lib/externalProcess-rt.jar;D:/JetBrains/Toolbox/apps/WebStorm/ch-0/221.5080.193/lib/app.jar;D:/JetBrains/Toolbox/apps/WebStorm/ch-0/221.5080.193/lib/3rd-party-rt.jar
Launcher Type: SUN_STANDARD

[Global flags]
     intx CICompilerCount                          = 4                                         {product} {ergonomic}
     uint ConcGCThreads                            = 3                                         {product} {ergonomic}
     uint G1ConcRefinementThreads                  = 10                                        {product} {ergonomic}
   size_t G1HeapRegionSize                         = 1048576                                   {product} {ergonomic}
    uintx GCDrainStackTargetSize                   = 64                                        {product} {ergonomic}
   size_t InitialHeapSize                          = 266338304                                 {product} {ergonomic}
   size_t MarkStackSize                            = 4194304                                   {product} {ergonomic}
   size_t MaxHeapSize                              = 4242538496                                {product} {ergonomic}
   size_t MinHeapDeltaBytes                        = 1048576                                   {product} {ergonomic}
    uintx NonNMethodCodeHeapSize                   = 5836300                                {pd product} {ergonomic}
    uintx NonProfiledCodeHeapSize                  = 122910970                              {pd product} {ergonomic}
    uintx ProfiledCodeHeapSize                     = 122910970                              {pd product} {ergonomic}
    uintx ReservedCodeCacheSize                    = 251658240                              {pd product} {ergonomic}
     bool SegmentedCodeCache                       = true                                      {product} {ergonomic}
     bool UseCompressedClassPointers               = true                                 {lp64_product} {ergonomic}
     bool UseCompressedOops                        = true                                 {lp64_product} {ergonomic}
     bool UseG1GC                                  = true                                      {product} {ergonomic}
     bool UseLargePagesIndividualAllocation        = false                                  {pd product} {ergonomic}

Logging:
Log output configuration:
 #0: stdout all=warning uptime,level,tags
 #1: stderr all=off uptime,level,tags

Environment Variables:
PATH=D:\Git\mingw64\libexec\git-core;D:\Git\mingw64\libexec\git-core;D:\Git\mingw64\bin;D:\Git\usr\bin;C:\Users\feiyu\bin;C:\Windows\system32;C:\Windows;C:\Windows\System32\Wbem;C:\Windows\System32\WindowsPowerShell\v1.0;C:\Windows\System32\OpenSSH;D:\Git\cmd;D:\nodejs;C:\Program Files\Microsoft SQL Server\130\Tools\Binn;D:\Microsoft Visual Studio\2019\Enterprise\Common7\Tools;D:\Microsoft Visual Studio\2019\Enterprise\Common7\Packages;D:\nvm;D:\TortoiseGit\bin;D:\CMake\bin;C:\WINDOWS\system32;C:\WINDOWS;C:\WINDOWS\System32\Wbem;C:\WINDOWS\System32\WindowsPowerShell\v1.0;C:\WINDOWS\System32\OpenSSH;D:\ffmpeg-n5.0-latest-win64-gpl-5.0\bin;C:\Python27\Scripts;C:\Python27;D:\微信web开发者工具\dll;C:\Users\feiyu\AppData\Local\Microsoft\WindowsApps;D:\Microsoft VS Code\bin;C:\Program Files (x86)\Egret\Egret UI Editor\resources\app\bin;%DevEco Studio%;D:\mt.exe;D:\Microsoft Visual Studio\2019\Enterprise\Common7\IDE;C:\Users\feiyu\AppData\Roaming\npm;D:\flutter\sdk\flutter\bin;C:\Program Files\OpenSSL-Win64\bin
USERNAME=feiyu
DISPLAY=:0.0
LC_ALL=en_US.UTF-8
OS=Windows_NT
PROCESSOR_IDENTIFIER=Intel64 Family 6 Model 158 Stepping 10, GenuineIntel



---------------  S Y S T E M  ---------------

OS: Windows 11 , 64 bit Build 22000 (10.0.22000.613)
OS uptime: 3 days 18:32 hours
Hyper-V role detected

CPU:total 12 (initial active 12) (6 cores per cpu, 2 threads per core) family 6 model 158 stepping 10 microcode 0xde, cmov, cx8, fxsr, mmx, sse, sse2, sse3, ssse3, sse4.1, sse4.2, popcnt, avx, avx2, aes, clmul, erms, rtm, 3dnowpref, lzcnt, ht, tsc, tscinvbit, bmi1, bmi2, adx, fma

Memory: 4k page, system-wide physical 16180M (582M free)
TotalPageFile size 28731M (AvailPageFile size 150M)
current process WorkingSet (physical memory assigned to process): 11M, peak: 11M
current process commit charge ("private bytes"): 64M, peak: 318M

vm_info: OpenJDK 64-Bit Server VM (11.0.14.1+1-b2043.25) for windows-amd64 JRE (11.0.14.1+1-b2043.25), built on Mar 30 2022 06:22:56 by "" with MS VC++ 14.0 (VS2015)

END.
