[1111/094537.731:ERROR:directory_reader_win.cc(43)] FindFirstFile: 系统找不到指定的路径。 (0x3)
[1112/094537.740:ERROR:directory_reader_win.cc(43)] FindFirstFile: 系统找不到指定的路径。 (0x3)
[1112/205932.930:ERROR:process_reader_win.cc(151)] SuspendThread: 拒绝访问。 (0x5)
[1112/205932.946:ERROR:process_reader_win.cc(151)] SuspendThread: 拒绝访问。 (0x5)
[1112/205932.946:ERROR:process_reader_win.cc(151)] SuspendThread: 拒绝访问。 (0x5)
[1112/205933.149:ERROR:process_reader_win.cc(151)] SuspendThread: 拒绝访问。 (0x5)
[1112/205933.149:ERROR:process_reader_win.cc(151)] SuspendThread: 拒绝访问。 (0x5)
[1112/205933.149:ERROR:process_reader_win.cc(151)] SuspendThread: 拒绝访问。 (0x5)
[1112/205932.946:ERROR:process_reader_win.cc(151)] SuspendThread: 拒绝访问。 (0x5)
[1112/205932.946:ERROR:process_reader_win.cc(151)] SuspendThread: 拒绝访问。 (0x5)
[1112/205933.149:ERROR:process_reader_win.cc(151)] SuspendThread: 拒绝访问。 (0x5)
[1112/205933.259:ERROR:process_reader_win.cc(151)] SuspendThread: 拒绝访问。 (0x5)
[1112/205933.259:ERROR:process_reader_win.cc(151)] SuspendThread: 拒绝访问。 (0x5)
[1112/205933.259:ERROR:process_reader_win.cc(151)] SuspendThread: 拒绝访问。 (0x5)
[1112/205932.946:ERROR:process_reader_win.cc(151)] SuspendThread: 拒绝访问。 (0x5)
[1112/205933.259:ERROR:process_reader_win.cc(151)] SuspendThread: 拒绝访问。 (0x5)
[1112/205933.259:ERROR:process_reader_win.cc(151)] SuspendThread: 拒绝访问。 (0x5)
[1112/205932.946:ERROR:process_reader_win.cc(151)] SuspendThread: 拒绝访问。 (0x5)
[1112/205933.259:ERROR:process_reader_win.cc(151)] SuspendThread: 拒绝访问。 (0x5)
[1112/205933.259:ERROR:process_reader_win.cc(151)] SuspendThread: 拒绝访问。 (0x5)
[1112/205932.946:ERROR:process_reader_win.cc(151)] SuspendThread: 拒绝访问。 (0x5)
[1112/205933.149:ERROR:process_reader_win.cc(151)] SuspendThread: 拒绝访问。 (0x5)
[1112/205933.259:ERROR:process_reader_win.cc(151)] SuspendThread: 拒绝访问。 (0x5)
[1112/205933.259:ERROR:exception_snapshot_win.cc(99)] thread ID 38584 not found in process
[1112/205933.259:ERROR:process_reader_win.cc(151)] SuspendThread: 拒绝访问。 (0x5)
[1112/205933.259:ERROR:process_reader_win.cc(151)] SuspendThread: 拒绝访问。 (0x5)
[1112/205933.259:ERROR:process_reader_win.cc(151)] SuspendThread: 拒绝访问。 (0x5)
[1112/205933.259:ERROR:process_reader_win.cc(151)] SuspendThread: 拒绝访问。 (0x5)
[1112/205933.259:ERROR:process_reader_win.cc(151)] SuspendThread: 拒绝访问。 (0x5)
[1112/205933.259:ERROR:process_reader_win.cc(151)] SuspendThread: 拒绝访问。 (0x5)
[1112/205933.259:ERROR:process_reader_win.cc(151)] SuspendThread: 拒绝访问。 (0x5)
[1112/205933.259:ERROR:process_reader_win.cc(151)] SuspendThread: 拒绝访问。 (0x5)
[1112/205933.259:ERROR:process_reader_win.cc(151)] SuspendThread: 拒绝访问。 (0x5)
[1112/205933.259:ERROR:process_reader_win.cc(151)] SuspendThread: 拒绝访问。 (0x5)
[1112/205933.259:ERROR:exception_snapshot_win.cc(99)] thread ID 13248 not found in process
[1112/205933.259:ERROR:process_reader_win.cc(151)] SuspendThread: 拒绝访问。 (0x5)
[1112/205933.259:ERROR:process_reader_win.cc(151)] SuspendThread: 拒绝访问。 (0x5)
[1112/205933.259:ERROR:process_reader_win.cc(151)] SuspendThread: 拒绝访问。 (0x5)
[1112/205933.259:ERROR:process_reader_win.cc(151)] SuspendThread: 拒绝访问。 (0x5)
[1112/205933.259:ERROR:process_reader_win.cc(151)] SuspendThread: 拒绝访问。 (0x5)
[1112/205933.259:ERROR:process_reader_win.cc(151)] SuspendThread: 拒绝访问。 (0x5)
[1112/205933.259:ERROR:process_reader_win.cc(151)] SuspendThread: 拒绝访问。 (0x5)
[1112/205933.259:ERROR:process_reader_win.cc(151)] SuspendThread: 拒绝访问。 (0x5)
[1112/205933.259:ERROR:process_reader_win.cc(151)] SuspendThread: 拒绝访问。 (0x5)
[1112/205933.259:ERROR:process_reader_win.cc(151)] SuspendThread: 拒绝访问。 (0x5)
[1112/205933.259:ERROR:process_reader_win.cc(151)] SuspendThread: 拒绝访问。 (0x5)
[1112/205933.259:ERROR:process_reader_win.cc(151)] SuspendThread: 拒绝访问。 (0x5)
[1112/205933.259:ERROR:process_reader_win.cc(151)] SuspendThread: 拒绝访问。 (0x5)
[1112/205933.259:ERROR:exception_snapshot_win.cc(99)] thread ID 13760 not found in process
[1112/205933.259:ERROR:exception_snapshot_win.cc(99)] thread ID 1588 not found in process
[1112/205933.259:ERROR:exception_snapshot_win.cc(99)] thread ID 13060 not found in process
[1112/205933.259:ERROR:exception_snapshot_win.cc(99)] thread ID 13948 not found in process
[1112/205933.259:ERROR:process_reader_win.cc(123)] NtOpenThread: 指定无效的客户端 ID。 (0xc000000b)
[1112/205933.149:ERROR:process_reader_win.cc(123)] NtOpenThread: 指定无效的客户端 ID。 (0xc000000b)
[1112/205933.618:ERROR:process_reader_win.cc(123)] NtOpenThread: 指定无效的客户端 ID。 (0xc000000b)
[1112/205933.618:ERROR:process_reader_win.cc(123)] NtOpenThread: 指定无效的客户端 ID。 (0xc000000b)
[1112/205933.618:ERROR:process_reader_win.cc(123)] NtOpenThread: 指定无效的客户端 ID。 (0xc000000b)
[1112/205933.618:ERROR:process_reader_win.cc(123)] NtOpenThread: 指定无效的客户端 ID。 (0xc000000b)
[1112/205933.618:ERROR:process_reader_win.cc(123)] NtOpenThread: 指定无效的客户端 ID。 (0xc000000b)
[1112/205933.618:ERROR:process_reader_win.cc(123)] NtOpenThread: 指定无效的客户端 ID。 (0xc000000b)
[1112/205933.618:ERROR:process_reader_win.cc(123)] NtOpenThread: 指定无效的客户端 ID。 (0xc000000b)
[1112/205933.618:ERROR:process_reader_win.cc(123)] NtOpenThread: 指定无效的客户端 ID。 (0xc000000b)
[1112/205933.618:ERROR:process_reader_win.cc(123)] NtOpenThread: 指定无效的客户端 ID。 (0xc000000b)
[1112/205933.618:ERROR:process_reader_win.cc(123)] NtOpenThread: 指定无效的客户端 ID。 (0xc000000b)
[1112/205933.618:ERROR:process_reader_win.cc(123)] NtOpenThread: 指定无效的客户端 ID。 (0xc000000b)
[1112/205933.618:ERROR:process_reader_win.cc(123)] NtOpenThread: 指定无效的客户端 ID。 (0xc000000b)
[1112/205933.618:ERROR:process_reader_win.cc(123)] NtOpenThread: 指定无效的客户端 ID。 (0xc000000b)
[1112/205933.618:ERROR:process_reader_win.cc(123)] NtOpenThread: 指定无效的客户端 ID。 (0xc000000b)
[1112/205933.618:ERROR:process_reader_win.cc(123)] NtOpenThread: 指定无效的客户端 ID。 (0xc000000b)
[1112/205933.618:ERROR:process_reader_win.cc(123)] NtOpenThread: 指定无效的客户端 ID。 (0xc000000b)
[1112/205933.618:ERROR:exception_snapshot_win.cc(99)] thread ID 2040 not found in process
[1112/205933.618:ERROR:exception_snapshot_win.cc(99)] thread ID 8820 not found in process
[1112/205933.259:ERROR:scoped_process_suspend.cc(40)] NtResumeProcess: 已尝试访问正在退出的过程。 (0xc000010a)
[1112/205933.618:ERROR:scoped_process_suspend.cc(40)] NtResumeProcess: 已尝试访问正在退出的过程。 (0xc000010a)
[1112/205933.618:ERROR:scoped_process_suspend.cc(40)] NtResumeProcess: 已尝试访问正在退出的过程。 (0xc000010a)
